   Qt/MSBuild: 3.3.1.1
   Qt: 6.8.1
  GamePage.cpp
C:\Users\Lenovo\Desktop\MazeGame\MazeGame\GamePage.h(1,1): warning C4828: 文件包含在偏移 0x214 处开始的字符，该字符在当前源字符集中无效(代码页 65001)。
  (编译源文件“GamePage.cpp”)
  
C:\Users\Lenovo\Desktop\MazeGame\MazeGame\GamePage.h(1,1): warning C4828: 文件包含在偏移 0x216 处开始的字符，该字符在当前源字符集中无效(代码页 65001)。
  (编译源文件“GamePage.cpp”)
  
C:\Users\Lenovo\Desktop\MazeGame\MazeGame\GamePage.h(1,1): warning C4828: 文件包含在偏移 0x218 处开始的字符，该字符在当前源字符集中无效(代码页 65001)。
  (编译源文件“GamePage.cpp”)
  
C:\Users\Lenovo\Desktop\MazeGame\MazeGame\GamePage.h(1,1): warning C4828: 文件包含在偏移 0x21b 处开始的字符，该字符在当前源字符集中无效(代码页 65001)。
  (编译源文件“GamePage.cpp”)
  
C:\Users\Lenovo\Desktop\MazeGame\MazeGame\GamePage.h(1,1): warning C4828: 文件包含在偏移 0x21c 处开始的字符，该字符在当前源字符集中无效(代码页 65001)。
  (编译源文件“GamePage.cpp”)
  
C:\Users\Lenovo\Desktop\MazeGame\MazeGame\GamePage.h(1,1): warning C4828: 文件包含在偏移 0x2a1 处开始的字符，该字符在当前源字符集中无效(代码页 65001)。
  (编译源文件“GamePage.cpp”)
  
C:\Users\Lenovo\Desktop\MazeGame\MazeGame\GamePage.h(1,1): warning C4828: 文件包含在偏移 0x2a3 处开始的字符，该字符在当前源字符集中无效(代码页 65001)。
  (编译源文件“GamePage.cpp”)
  
C:\Users\Lenovo\Desktop\MazeGame\MazeGame\GamePage.h(1,1): warning C4828: 文件包含在偏移 0x2a5 处开始的字符，该字符在当前源字符集中无效(代码页 65001)。
  (编译源文件“GamePage.cpp”)
  
C:\Users\Lenovo\Desktop\MazeGame\MazeGame\GamePage.h(1,1): warning C4828: 文件包含在偏移 0x2a6 处开始的字符，该字符在当前源字符集中无效(代码页 65001)。
  (编译源文件“GamePage.cpp”)
  
C:\Users\Lenovo\Desktop\MazeGame\MazeGame\GamePage.h(1,1): warning C4828: 文件包含在偏移 0x2a9 处开始的字符，该字符在当前源字符集中无效(代码页 65001)。
  (编译源文件“GamePage.cpp”)
  
C:\Users\Lenovo\Desktop\MazeGame\MazeGame\GamePage.h(1,1): warning C4828: 文件包含在偏移 0x2ab 处开始的字符，该字符在当前源字符集中无效(代码页 65001)。
  (编译源文件“GamePage.cpp”)
  
C:\Users\Lenovo\Desktop\MazeGame\MazeGame\GamePage.h(1,1): warning C4828: 文件包含在偏移 0x2ac 处开始的字符，该字符在当前源字符集中无效(代码页 65001)。
  (编译源文件“GamePage.cpp”)
  
C:\Users\Lenovo\Desktop\MazeGame\MazeGame\GamePage.h(1,1): warning C4828: 文件包含在偏移 0x2af 处开始的字符，该字符在当前源字符集中无效(代码页 65001)。
  (编译源文件“GamePage.cpp”)
  
C:\Users\Lenovo\Desktop\MazeGame\MazeGame\GamePage.h(1,1): warning C4828: 文件包含在偏移 0x3c1 处开始的字符，该字符在当前源字符集中无效(代码页 65001)。
  (编译源文件“GamePage.cpp”)
  
C:\Users\Lenovo\Desktop\MazeGame\MazeGame\GamePage.h(1,1): warning C4828: 文件包含在偏移 0x3c3 处开始的字符，该字符在当前源字符集中无效(代码页 65001)。
  (编译源文件“GamePage.cpp”)
  
C:\Users\Lenovo\Desktop\MazeGame\MazeGame\GamePage.h(1,1): warning C4828: 文件包含在偏移 0x3c4 处开始的字符，该字符在当前源字符集中无效(代码页 65001)。
  (编译源文件“GamePage.cpp”)
  
C:\Users\Lenovo\Desktop\MazeGame\MazeGame\GamePage.h(1,1): warning C4828: 文件包含在偏移 0x3cb 处开始的字符，该字符在当前源字符集中无效(代码页 65001)。
  (编译源文件“GamePage.cpp”)
  
C:\Users\Lenovo\Desktop\MazeGame\MazeGame\GamePage.h(1,1): warning C4828: 文件包含在偏移 0x3cc 处开始的字符，该字符在当前源字符集中无效(代码页 65001)。
  (编译源文件“GamePage.cpp”)
  
C:\Users\Lenovo\Desktop\MazeGame\MazeGame\GamePage.h(1,1): warning C4828: 文件包含在偏移 0x3ce 处开始的字符，该字符在当前源字符集中无效(代码页 65001)。
  (编译源文件“GamePage.cpp”)
  
C:\Users\Lenovo\Desktop\MazeGame\MazeGame\GamePage.h(1,1): warning C4828: 文件包含在偏移 0x3d2 处开始的字符，该字符在当前源字符集中无效(代码页 65001)。
  (编译源文件“GamePage.cpp”)
  
C:\Users\Lenovo\Desktop\MazeGame\MazeGame\GamePage.h(1,1): warning C4828: 文件包含在偏移 0x3f6 处开始的字符，该字符在当前源字符集中无效(代码页 65001)。
  (编译源文件“GamePage.cpp”)
  
C:\Users\Lenovo\Desktop\MazeGame\MazeGame\GamePage.h(1,1): warning C4828: 文件包含在偏移 0x3f8 处开始的字符，该字符在当前源字符集中无效(代码页 65001)。
  (编译源文件“GamePage.cpp”)
  
C:\Users\Lenovo\Desktop\MazeGame\MazeGame\GamePage.h(1,1): warning C4828: 文件包含在偏移 0x3fa 处开始的字符，该字符在当前源字符集中无效(代码页 65001)。
  (编译源文件“GamePage.cpp”)
  
C:\Users\Lenovo\Desktop\MazeGame\MazeGame\GamePage.h(1,1): warning C4828: 文件包含在偏移 0x3fb 处开始的字符，该字符在当前源字符集中无效(代码页 65001)。
  (编译源文件“GamePage.cpp”)
  
C:\Users\Lenovo\Desktop\MazeGame\MazeGame\GamePage.h(1,1): warning C4828: 文件包含在偏移 0x3fc 处开始的字符，该字符在当前源字符集中无效(代码页 65001)。
  (编译源文件“GamePage.cpp”)
  
C:\Users\Lenovo\Desktop\MazeGame\MazeGame\GamePage.h(1,1): warning C4828: 文件包含在偏移 0x3fe 处开始的字符，该字符在当前源字符集中无效(代码页 65001)。
  (编译源文件“GamePage.cpp”)
  
C:\Users\Lenovo\Desktop\MazeGame\MazeGame\GamePage.h(1,1): warning C4828: 文件包含在偏移 0x400 处开始的字符，该字符在当前源字符集中无效(代码页 65001)。
  (编译源文件“GamePage.cpp”)
  
C:\Users\Lenovo\Desktop\MazeGame\MazeGame\GamePage.h(1,1): warning C4828: 文件包含在偏移 0x406 处开始的字符，该字符在当前源字符集中无效(代码页 65001)。
  (编译源文件“GamePage.cpp”)
  
C:\Users\Lenovo\Desktop\MazeGame\MazeGame\GamePage.h(1,1): warning C4828: 文件包含在偏移 0x407 处开始的字符，该字符在当前源字符集中无效(代码页 65001)。
  (编译源文件“GamePage.cpp”)
  
C:\Users\Lenovo\Desktop\MazeGame\MazeGame\GamePage.h(1,1): warning C4828: 文件包含在偏移 0x408 处开始的字符，该字符在当前源字符集中无效(代码页 65001)。
  (编译源文件“GamePage.cpp”)
  
C:\Users\Lenovo\Desktop\MazeGame\MazeGame\GamePage.h(1,1): warning C4828: 文件包含在偏移 0x428 处开始的字符，该字符在当前源字符集中无效(代码页 65001)。
  (编译源文件“GamePage.cpp”)
  
C:\Users\Lenovo\Desktop\MazeGame\MazeGame\GamePage.h(1,1): warning C4828: 文件包含在偏移 0x42a 处开始的字符，该字符在当前源字符集中无效(代码页 65001)。
  (编译源文件“GamePage.cpp”)
  
C:\Users\Lenovo\Desktop\MazeGame\MazeGame\GamePage.h(1,1): warning C4828: 文件包含在偏移 0x436 处开始的字符，该字符在当前源字符集中无效(代码页 65001)。
  (编译源文件“GamePage.cpp”)
  
C:\Users\Lenovo\Desktop\MazeGame\MazeGame\GamePage.h(1,1): warning C4828: 文件包含在偏移 0x437 处开始的字符，该字符在当前源字符集中无效(代码页 65001)。
  (编译源文件“GamePage.cpp”)
  
C:\Users\Lenovo\Desktop\MazeGame\MazeGame\GamePage.h(1,1): warning C4828: 文件包含在偏移 0x438 处开始的字符，该字符在当前源字符集中无效(代码页 65001)。
  (编译源文件“GamePage.cpp”)
  
C:\Users\Lenovo\Desktop\MazeGame\MazeGame\GamePage.h(1,1): warning C4828: 文件包含在偏移 0x439 处开始的字符，该字符在当前源字符集中无效(代码页 65001)。
  (编译源文件“GamePage.cpp”)
  
C:\Users\Lenovo\Desktop\MazeGame\MazeGame\GamePage.h(1,1): warning C4828: 文件包含在偏移 0x474 处开始的字符，该字符在当前源字符集中无效(代码页 65001)。
  (编译源文件“GamePage.cpp”)
  
C:\Users\Lenovo\Desktop\MazeGame\MazeGame\GamePage.h(1,1): warning C4828: 文件包含在偏移 0x475 处开始的字符，该字符在当前源字符集中无效(代码页 65001)。
  (编译源文件“GamePage.cpp”)
  
C:\Users\Lenovo\Desktop\MazeGame\MazeGame\GamePage.h(1,1): warning C4828: 文件包含在偏移 0x478 处开始的字符，该字符在当前源字符集中无效(代码页 65001)。
  (编译源文件“GamePage.cpp”)
  
C:\Users\Lenovo\Desktop\MazeGame\MazeGame\GamePage.h(1,1): warning C4828: 文件包含在偏移 0x47c 处开始的字符，该字符在当前源字符集中无效(代码页 65001)。
  (编译源文件“GamePage.cpp”)
  
C:\Users\Lenovo\Desktop\MazeGame\MazeGame\GamePage.h(1,1): warning C4828: 文件包含在偏移 0x47d 处开始的字符，该字符在当前源字符集中无效(代码页 65001)。
  (编译源文件“GamePage.cpp”)
  
C:\Users\Lenovo\Desktop\MazeGame\MazeGame\GamePage.h(1,1): warning C4828: 文件包含在偏移 0x47f 处开始的字符，该字符在当前源字符集中无效(代码页 65001)。
  (编译源文件“GamePage.cpp”)
  
C:\Users\Lenovo\Desktop\MazeGame\MazeGame\GamePage.h(1,1): warning C4828: 文件包含在偏移 0x480 处开始的字符，该字符在当前源字符集中无效(代码页 65001)。
  (编译源文件“GamePage.cpp”)
  
C:\Users\Lenovo\Desktop\MazeGame\MazeGame\GamePage.h(1,1): warning C4828: 文件包含在偏移 0x481 处开始的字符，该字符在当前源字符集中无效(代码页 65001)。
  (编译源文件“GamePage.cpp”)
  
C:\Users\Lenovo\Desktop\MazeGame\MazeGame\GamePage.h(1,1): warning C4828: 文件包含在偏移 0x482 处开始的字符，该字符在当前源字符集中无效(代码页 65001)。
  (编译源文件“GamePage.cpp”)
  
C:\Users\Lenovo\Desktop\MazeGame\MazeGame\GamePage.h(1,1): warning C4828: 文件包含在偏移 0x484 处开始的字符，该字符在当前源字符集中无效(代码页 65001)。
  (编译源文件“GamePage.cpp”)
  
C:\Users\Lenovo\Desktop\MazeGame\MazeGame\GamePage.h(1,1): warning C4828: 文件包含在偏移 0x4af 处开始的字符，该字符在当前源字符集中无效(代码页 65001)。
  (编译源文件“GamePage.cpp”)
  
C:\Users\Lenovo\Desktop\MazeGame\MazeGame\GamePage.h(1,1): warning C4828: 文件包含在偏移 0x4b1 处开始的字符，该字符在当前源字符集中无效(代码页 65001)。
  (编译源文件“GamePage.cpp”)
  
C:\Users\Lenovo\Desktop\MazeGame\MazeGame\GamePage.h(1,1): warning C4828: 文件包含在偏移 0x4b4 处开始的字符，该字符在当前源字符集中无效(代码页 65001)。
  (编译源文件“GamePage.cpp”)
  
C:\Users\Lenovo\Desktop\MazeGame\MazeGame\GamePage.h(1,1): warning C4828: 文件包含在偏移 0x4b9 处开始的字符，该字符在当前源字符集中无效(代码页 65001)。
  (编译源文件“GamePage.cpp”)
  
C:\Users\Lenovo\Desktop\MazeGame\MazeGame\GamePage.h(1,1): warning C4828: 文件包含在偏移 0x4bb 处开始的字符，该字符在当前源字符集中无效(代码页 65001)。
  (编译源文件“GamePage.cpp”)
  
C:\Users\Lenovo\Desktop\MazeGame\MazeGame\GamePage.h(1,1): warning C4828: 文件包含在偏移 0x4bc 处开始的字符，该字符在当前源字符集中无效(代码页 65001)。
  (编译源文件“GamePage.cpp”)
  
C:\Users\Lenovo\Desktop\MazeGame\MazeGame\GamePage.h(1,1): warning C4828: 文件包含在偏移 0x4bd 处开始的字符，该字符在当前源字符集中无效(代码页 65001)。
  (编译源文件“GamePage.cpp”)
  
C:\Users\Lenovo\Desktop\MazeGame\MazeGame\GamePage.h(1,1): warning C4828: 文件包含在偏移 0x4be 处开始的字符，该字符在当前源字符集中无效(代码页 65001)。
  (编译源文件“GamePage.cpp”)
  
C:\Users\Lenovo\Desktop\MazeGame\MazeGame\GamePage.h(1,1): warning C4828: 文件包含在偏移 0x4c2 处开始的字符，该字符在当前源字符集中无效(代码页 65001)。
  (编译源文件“GamePage.cpp”)
  
C:\Users\Lenovo\Desktop\MazeGame\MazeGame\GamePage.h(1,1): warning C4828: 文件包含在偏移 0x4c3 处开始的字符，该字符在当前源字符集中无效(代码页 65001)。
  (编译源文件“GamePage.cpp”)
  
C:\Users\Lenovo\Desktop\MazeGame\MazeGame\GamePage.h(1,1): warning C4828: 文件包含在偏移 0x4c7 处开始的字符，该字符在当前源字符集中无效(代码页 65001)。
  (编译源文件“GamePage.cpp”)
  
C:\Users\Lenovo\Desktop\MazeGame\MazeGame\GamePage.h(1,1): warning C4828: 文件包含在偏移 0x4cb 处开始的字符，该字符在当前源字符集中无效(代码页 65001)。
  (编译源文件“GamePage.cpp”)
  
C:\Users\Lenovo\Desktop\MazeGame\MazeGame\GamePage.h(1,1): warning C4828: 文件包含在偏移 0x4cf 处开始的字符，该字符在当前源字符集中无效(代码页 65001)。
  (编译源文件“GamePage.cpp”)
  
C:\Users\Lenovo\Desktop\MazeGame\MazeGame\GamePage.h(1,1): warning C4828: 文件包含在偏移 0x4d0 处开始的字符，该字符在当前源字符集中无效(代码页 65001)。
  (编译源文件“GamePage.cpp”)
  
C:\Users\Lenovo\Desktop\MazeGame\MazeGame\GamePage.h(1,1): warning C4828: 文件包含在偏移 0x4d1 处开始的字符，该字符在当前源字符集中无效(代码页 65001)。
  (编译源文件“GamePage.cpp”)
  
C:\Users\Lenovo\Desktop\MazeGame\MazeGame\GamePage.h(1,1): warning C4828: 文件包含在偏移 0x4d2 处开始的字符，该字符在当前源字符集中无效(代码页 65001)。
  (编译源文件“GamePage.cpp”)
  
C:\Users\Lenovo\Desktop\MazeGame\MazeGame\GamePage.h(1,1): warning C4828: 文件包含在偏移 0x4d3 处开始的字符，该字符在当前源字符集中无效(代码页 65001)。
  (编译源文件“GamePage.cpp”)
  
C:\Users\Lenovo\Desktop\MazeGame\MazeGame\GamePage.h(1,1): warning C4828: 文件包含在偏移 0x4d4 处开始的字符，该字符在当前源字符集中无效(代码页 65001)。
  (编译源文件“GamePage.cpp”)
  
C:\Users\Lenovo\Desktop\MazeGame\MazeGame\GamePage.h(1,1): warning C4828: 文件包含在偏移 0x4d7 处开始的字符，该字符在当前源字符集中无效(代码页 65001)。
  (编译源文件“GamePage.cpp”)
  
C:\Users\Lenovo\Desktop\MazeGame\MazeGame\GamePage.h(1,1): warning C4828: 文件包含在偏移 0x4d8 处开始的字符，该字符在当前源字符集中无效(代码页 65001)。
  (编译源文件“GamePage.cpp”)
  
C:\Users\Lenovo\Desktop\MazeGame\MazeGame\GamePage.h(1,1): warning C4828: 文件包含在偏移 0x4da 处开始的字符，该字符在当前源字符集中无效(代码页 65001)。
  (编译源文件“GamePage.cpp”)
  
C:\Users\Lenovo\Desktop\MazeGame\MazeGame\GamePage.h(1,1): warning C4828: 文件包含在偏移 0x4dc 处开始的字符，该字符在当前源字符集中无效(代码页 65001)。
  (编译源文件“GamePage.cpp”)
  
C:\Users\Lenovo\Desktop\MazeGame\MazeGame\Maze.h(1,1): warning C4828: 文件包含在偏移 0xaf 处开始的字符，该字符在当前源字符集中无效(代码页 65001)。
  (编译源文件“GamePage.cpp”)
  
C:\Users\Lenovo\Desktop\MazeGame\MazeGame\Maze.h(1,1): warning C4828: 文件包含在偏移 0xb0 处开始的字符，该字符在当前源字符集中无效(代码页 65001)。
  (编译源文件“GamePage.cpp”)
  
C:\Users\Lenovo\Desktop\MazeGame\MazeGame\Maze.h(1,1): warning C4828: 文件包含在偏移 0xb1 处开始的字符，该字符在当前源字符集中无效(代码页 65001)。
  (编译源文件“GamePage.cpp”)
  
C:\Users\Lenovo\Desktop\MazeGame\MazeGame\Maze.h(1,1): warning C4828: 文件包含在偏移 0xb3 处开始的字符，该字符在当前源字符集中无效(代码页 65001)。
  (编译源文件“GamePage.cpp”)
  
C:\Users\Lenovo\Desktop\MazeGame\MazeGame\Maze.h(1,1): warning C4828: 文件包含在偏移 0xb4 处开始的字符，该字符在当前源字符集中无效(代码页 65001)。
  (编译源文件“GamePage.cpp”)
  
C:\Users\Lenovo\Desktop\MazeGame\MazeGame\Maze.h(1,1): warning C4828: 文件包含在偏移 0xb5 处开始的字符，该字符在当前源字符集中无效(代码页 65001)。
  (编译源文件“GamePage.cpp”)
  
C:\Users\Lenovo\Desktop\MazeGame\MazeGame\Maze.h(1,1): warning C4828: 文件包含在偏移 0xdb 处开始的字符，该字符在当前源字符集中无效(代码页 65001)。
  (编译源文件“GamePage.cpp”)
  
C:\Users\Lenovo\Desktop\MazeGame\MazeGame\Maze.h(1,1): warning C4828: 文件包含在偏移 0xdd 处开始的字符，该字符在当前源字符集中无效(代码页 65001)。
  (编译源文件“GamePage.cpp”)
  
C:\Users\Lenovo\Desktop\MazeGame\MazeGame\Maze.h(1,1): warning C4828: 文件包含在偏移 0xde 处开始的字符，该字符在当前源字符集中无效(代码页 65001)。
  (编译源文件“GamePage.cpp”)
  
C:\Users\Lenovo\Desktop\MazeGame\MazeGame\Maze.h(1,1): warning C4828: 文件包含在偏移 0xe0 处开始的字符，该字符在当前源字符集中无效(代码页 65001)。
  (编译源文件“GamePage.cpp”)
  
C:\Users\Lenovo\Desktop\MazeGame\MazeGame\Maze.h(1,1): warning C4828: 文件包含在偏移 0xe3 处开始的字符，该字符在当前源字符集中无效(代码页 65001)。
  (编译源文件“GamePage.cpp”)
  
C:\Users\Lenovo\Desktop\MazeGame\MazeGame\Maze.h(1,1): warning C4828: 文件包含在偏移 0xe5 处开始的字符，该字符在当前源字符集中无效(代码页 65001)。
  (编译源文件“GamePage.cpp”)
  
C:\Users\Lenovo\Desktop\MazeGame\MazeGame\Maze.h(1,1): warning C4828: 文件包含在偏移 0xe6 处开始的字符，该字符在当前源字符集中无效(代码页 65001)。
  (编译源文件“GamePage.cpp”)
  
C:\Users\Lenovo\Desktop\MazeGame\MazeGame\Maze.h(1,1): warning C4828: 文件包含在偏移 0x13f 处开始的字符，该字符在当前源字符集中无效(代码页 65001)。
  (编译源文件“GamePage.cpp”)
  
C:\Users\Lenovo\Desktop\MazeGame\MazeGame\Maze.h(1,1): warning C4828: 文件包含在偏移 0x144 处开始的字符，该字符在当前源字符集中无效(代码页 65001)。
  (编译源文件“GamePage.cpp”)
  
C:\Users\Lenovo\Desktop\MazeGame\MazeGame\Maze.h(1,1): warning C4828: 文件包含在偏移 0x147 处开始的字符，该字符在当前源字符集中无效(代码页 65001)。
  (编译源文件“GamePage.cpp”)
  
C:\Users\Lenovo\Desktop\MazeGame\MazeGame\Maze.h(1,1): warning C4828: 文件包含在偏移 0x148 处开始的字符，该字符在当前源字符集中无效(代码页 65001)。
  (编译源文件“GamePage.cpp”)
  
C:\Users\Lenovo\Desktop\MazeGame\MazeGame\Maze.h(1,1): warning C4828: 文件包含在偏移 0x1a2 处开始的字符，该字符在当前源字符集中无效(代码页 65001)。
  (编译源文件“GamePage.cpp”)
  
C:\Users\Lenovo\Desktop\MazeGame\MazeGame\Maze.h(1,1): warning C4828: 文件包含在偏移 0x1a5 处开始的字符，该字符在当前源字符集中无效(代码页 65001)。
  (编译源文件“GamePage.cpp”)
  
C:\Users\Lenovo\Desktop\MazeGame\MazeGame\Maze.h(1,1): warning C4828: 文件包含在偏移 0x1a8 处开始的字符，该字符在当前源字符集中无效(代码页 65001)。
  (编译源文件“GamePage.cpp”)
  
C:\Users\Lenovo\Desktop\MazeGame\MazeGame\Maze.h(1,1): warning C4828: 文件包含在偏移 0x1aa 处开始的字符，该字符在当前源字符集中无效(代码页 65001)。
  (编译源文件“GamePage.cpp”)
  
C:\Users\Lenovo\Desktop\MazeGame\MazeGame\Maze.h(1,1): warning C4828: 文件包含在偏移 0x1ae 处开始的字符，该字符在当前源字符集中无效(代码页 65001)。
  (编译源文件“GamePage.cpp”)
  
C:\Users\Lenovo\Desktop\MazeGame\MazeGame\Maze.h(1,1): warning C4828: 文件包含在偏移 0x1af 处开始的字符，该字符在当前源字符集中无效(代码页 65001)。
  (编译源文件“GamePage.cpp”)
  
C:\Users\Lenovo\Desktop\MazeGame\MazeGame\Maze.h(1,1): warning C4828: 文件包含在偏移 0x1db 处开始的字符，该字符在当前源字符集中无效(代码页 65001)。
  (编译源文件“GamePage.cpp”)
  
C:\Users\Lenovo\Desktop\MazeGame\MazeGame\Maze.h(1,1): warning C4828: 文件包含在偏移 0x1dd 处开始的字符，该字符在当前源字符集中无效(代码页 65001)。
  (编译源文件“GamePage.cpp”)
  
C:\Users\Lenovo\Desktop\MazeGame\MazeGame\Maze.h(1,1): warning C4828: 文件包含在偏移 0x1de 处开始的字符，该字符在当前源字符集中无效(代码页 65001)。
  (编译源文件“GamePage.cpp”)
  
C:\Users\Lenovo\Desktop\MazeGame\MazeGame\Maze.h(1,1): warning C4828: 文件包含在偏移 0x1e4 处开始的字符，该字符在当前源字符集中无效(代码页 65001)。
  (编译源文件“GamePage.cpp”)
  
C:\Users\Lenovo\Desktop\MazeGame\MazeGame\Maze.h(1,1): warning C4828: 文件包含在偏移 0x1e7 处开始的字符，该字符在当前源字符集中无效(代码页 65001)。
  (编译源文件“GamePage.cpp”)
  
C:\Users\Lenovo\Desktop\MazeGame\MazeGame\Maze.h(1,1): warning C4828: 文件包含在偏移 0x1e8 处开始的字符，该字符在当前源字符集中无效(代码页 65001)。
  (编译源文件“GamePage.cpp”)
  
C:\Users\Lenovo\Desktop\MazeGame\MazeGame\Maze.h(1,1): warning C4828: 文件包含在偏移 0x1e9 处开始的字符，该字符在当前源字符集中无效(代码页 65001)。
  (编译源文件“GamePage.cpp”)
  
C:\Users\Lenovo\Desktop\MazeGame\MazeGame\Maze.h(1,1): warning C4828: 文件包含在偏移 0x1ea 处开始的字符，该字符在当前源字符集中无效(代码页 65001)。
  (编译源文件“GamePage.cpp”)
  
C:\Users\Lenovo\Desktop\MazeGame\MazeGame\Maze.h(1,1): warning C4828: 文件包含在偏移 0x23a 处开始的字符，该字符在当前源字符集中无效(代码页 65001)。
  (编译源文件“GamePage.cpp”)
  
C:\Users\Lenovo\Desktop\MazeGame\MazeGame\Maze.h(1,1): warning C4828: 文件包含在偏移 0x23c 处开始的字符，该字符在当前源字符集中无效(代码页 65001)。
  (编译源文件“GamePage.cpp”)
  
C:\Users\Lenovo\Desktop\MazeGame\MazeGame\Maze.h(1,1): warning C4828: 文件包含在偏移 0x23d 处开始的字符，该字符在当前源字符集中无效(代码页 65001)。
  (编译源文件“GamePage.cpp”)
  
C:\Users\Lenovo\Desktop\MazeGame\MazeGame\Maze.h(1,1): warning C4828: 文件包含在偏移 0x241 处开始的字符，该字符在当前源字符集中无效(代码页 65001)。
  (编译源文件“GamePage.cpp”)
  
C:\Users\Lenovo\Desktop\MazeGame\MazeGame\Maze.h(1,1): warning C4828: 文件包含在偏移 0x244 处开始的字符，该字符在当前源字符集中无效(代码页 65001)。
  (编译源文件“GamePage.cpp”)
  
C:\Users\Lenovo\Desktop\MazeGame\MazeGame\Maze.h(1,1): warning C4828: 文件包含在偏移 0x245 处开始的字符，该字符在当前源字符集中无效(代码页 65001)。
  (编译源文件“GamePage.cpp”)
  
C:\Users\Lenovo\Desktop\MazeGame\MazeGame\Maze.h(1,1): warning C4828: 文件包含在偏移 0x246 处开始的字符，该字符在当前源字符集中无效(代码页 65001)。
  (编译源文件“GamePage.cpp”)
  
C:\Users\Lenovo\Desktop\MazeGame\MazeGame\Maze.h(1,1): warning C4828: 文件包含在偏移 0x247 处开始的字符，该字符在当前源字符集中无效(代码页 65001)。
  (编译源文件“GamePage.cpp”)
  
C:\Users\Lenovo\Desktop\MazeGame\MazeGame\Maze.h(1,1): warning C4828: 文件包含在偏移 0x587 处开始的字符，该字符在当前源字符集中无效(代码页 65001)。
  (编译源文件“GamePage.cpp”)
  
C:\Users\Lenovo\Desktop\MazeGame\MazeGame\Maze.h(1,1): warning C4828: 文件包含在偏移 0x589 处开始的字符，该字符在当前源字符集中无效(代码页 65001)。
  (编译源文件“GamePage.cpp”)
  
C:\Users\Lenovo\Desktop\MazeGame\MazeGame\Maze.h(1,1): warning C4828: 文件包含在偏移 0x58a 处开始的字符，该字符在当前源字符集中无效(代码页 65001)。
  (编译源文件“GamePage.cpp”)
  
C:\Users\Lenovo\Desktop\MazeGame\MazeGame\Maze.h(1,1): warning C4828: 文件包含在偏移 0x58b 处开始的字符，该字符在当前源字符集中无效(代码页 65001)。
  (编译源文件“GamePage.cpp”)
  
C:\Users\Lenovo\Desktop\MazeGame\MazeGame\Maze.h(1,1): warning C4828: 文件包含在偏移 0x58d 处开始的字符，该字符在当前源字符集中无效(代码页 65001)。
  (编译源文件“GamePage.cpp”)
  
C:\Users\Lenovo\Desktop\MazeGame\MazeGame\Maze.h(1,1): warning C4828: 文件包含在偏移 0x590 处开始的字符，该字符在当前源字符集中无效(代码页 65001)。
  (编译源文件“GamePage.cpp”)
  
C:\Users\Lenovo\Desktop\MazeGame\MazeGame\Maze.h(1,1): warning C4828: 文件包含在偏移 0x597 处开始的字符，该字符在当前源字符集中无效(代码页 65001)。
  (编译源文件“GamePage.cpp”)
  
C:\Users\Lenovo\Desktop\MazeGame\MazeGame\Maze.h(1,1): warning C4828: 文件包含在偏移 0x598 处开始的字符，该字符在当前源字符集中无效(代码页 65001)。
  (编译源文件“GamePage.cpp”)
  
C:\Users\Lenovo\Desktop\MazeGame\MazeGame\Maze.h(1,1): warning C4828: 文件包含在偏移 0x59b 处开始的字符，该字符在当前源字符集中无效(代码页 65001)。
  (编译源文件“GamePage.cpp”)
  
C:\Users\Lenovo\Desktop\MazeGame\MazeGame\Maze.h(1,1): warning C4828: 文件包含在偏移 0x59d 处开始的字符，该字符在当前源字符集中无效(代码页 65001)。
  (编译源文件“GamePage.cpp”)
  
C:\Users\Lenovo\Desktop\MazeGame\MazeGame\Maze.h(1,1): warning C4828: 文件包含在偏移 0x59e 处开始的字符，该字符在当前源字符集中无效(代码页 65001)。
  (编译源文件“GamePage.cpp”)
  
C:\Users\Lenovo\Desktop\MazeGame\MazeGame\Maze.h(1,1): warning C4828: 文件包含在偏移 0x59f 处开始的字符，该字符在当前源字符集中无效(代码页 65001)。
  (编译源文件“GamePage.cpp”)
  
C:\Users\Lenovo\Desktop\MazeGame\MazeGame\Maze.h(1,1): warning C4828: 文件包含在偏移 0x5a0 处开始的字符，该字符在当前源字符集中无效(代码页 65001)。
  (编译源文件“GamePage.cpp”)
  
C:\Users\Lenovo\Desktop\MazeGame\MazeGame\Maze.h(1,1): warning C4828: 文件包含在偏移 0x5d4 处开始的字符，该字符在当前源字符集中无效(代码页 65001)。
  (编译源文件“GamePage.cpp”)
  
C:\Users\Lenovo\Desktop\MazeGame\MazeGame\Maze.h(1,1): warning C4828: 文件包含在偏移 0x5d5 处开始的字符，该字符在当前源字符集中无效(代码页 65001)。
  (编译源文件“GamePage.cpp”)
  
C:\Users\Lenovo\Desktop\MazeGame\MazeGame\Maze.h(1,1): warning C4828: 文件包含在偏移 0x5da 处开始的字符，该字符在当前源字符集中无效(代码页 65001)。
  (编译源文件“GamePage.cpp”)
  
C:\Users\Lenovo\Desktop\MazeGame\MazeGame\Maze.h(1,1): warning C4828: 文件包含在偏移 0x5db 处开始的字符，该字符在当前源字符集中无效(代码页 65001)。
  (编译源文件“GamePage.cpp”)
  
C:\Users\Lenovo\Desktop\MazeGame\MazeGame\Maze.h(1,1): warning C4828: 文件包含在偏移 0x5dc 处开始的字符，该字符在当前源字符集中无效(代码页 65001)。
  (编译源文件“GamePage.cpp”)
  
C:\Users\Lenovo\Desktop\MazeGame\MazeGame\Maze.h(1,1): warning C4828: 文件包含在偏移 0x5dd 处开始的字符，该字符在当前源字符集中无效(代码页 65001)。
  (编译源文件“GamePage.cpp”)
  
C:\Users\Lenovo\Desktop\MazeGame\MazeGame\Maze.h(1,1): warning C4828: 文件包含在偏移 0x613 处开始的字符，该字符在当前源字符集中无效(代码页 65001)。
  (编译源文件“GamePage.cpp”)
  
C:\Users\Lenovo\Desktop\MazeGame\MazeGame\Maze.h(1,1): warning C4828: 文件包含在偏移 0x617 处开始的字符，该字符在当前源字符集中无效(代码页 65001)。
  (编译源文件“GamePage.cpp”)
  
C:\Users\Lenovo\Desktop\MazeGame\MazeGame\Maze.h(1,1): warning C4828: 文件包含在偏移 0x61a 处开始的字符，该字符在当前源字符集中无效(代码页 65001)。
  (编译源文件“GamePage.cpp”)
  
C:\Users\Lenovo\Desktop\MazeGame\MazeGame\Maze.h(1,1): warning C4828: 文件包含在偏移 0x61d 处开始的字符，该字符在当前源字符集中无效(代码页 65001)。
  (编译源文件“GamePage.cpp”)
  
C:\Users\Lenovo\Desktop\MazeGame\MazeGame\Maze.h(1,1): warning C4828: 文件包含在偏移 0x61e 处开始的字符，该字符在当前源字符集中无效(代码页 65001)。
  (编译源文件“GamePage.cpp”)
  
C:\Users\Lenovo\Desktop\MazeGame\MazeGame\Maze.h(1,1): warning C4828: 文件包含在偏移 0x61f 处开始的字符，该字符在当前源字符集中无效(代码页 65001)。
  (编译源文件“GamePage.cpp”)
  
C:\Users\Lenovo\Desktop\MazeGame\MazeGame\Maze.h(1,1): warning C4828: 文件包含在偏移 0x620 处开始的字符，该字符在当前源字符集中无效(代码页 65001)。
  (编译源文件“GamePage.cpp”)
  
C:\Users\Lenovo\Desktop\MazeGame\MazeGame\Maze.h(1,1): warning C4828: 文件包含在偏移 0x622 处开始的字符，该字符在当前源字符集中无效(代码页 65001)。
  (编译源文件“GamePage.cpp”)
  
C:\Users\Lenovo\Desktop\MazeGame\MazeGame\Maze.h(1,1): warning C4828: 文件包含在偏移 0x623 处开始的字符，该字符在当前源字符集中无效(代码页 65001)。
  (编译源文件“GamePage.cpp”)
  
C:\Users\Lenovo\Desktop\MazeGame\MazeGame\Maze.h(1,1): warning C4828: 文件包含在偏移 0x627 处开始的字符，该字符在当前源字符集中无效(代码页 65001)。
  (编译源文件“GamePage.cpp”)
  
C:\Users\Lenovo\Desktop\MazeGame\MazeGame\Maze.h(1,1): warning C4828: 文件包含在偏移 0x628 处开始的字符，该字符在当前源字符集中无效(代码页 65001)。
  (编译源文件“GamePage.cpp”)
  
C:\Users\Lenovo\Desktop\MazeGame\MazeGame\Maze.h(1,1): warning C4828: 文件包含在偏移 0x629 处开始的字符，该字符在当前源字符集中无效(代码页 65001)。
  (编译源文件“GamePage.cpp”)
  
C:\Users\Lenovo\Desktop\MazeGame\MazeGame\Maze.h(1,1): warning C4828: 文件包含在偏移 0x62b 处开始的字符，该字符在当前源字符集中无效(代码页 65001)。
  (编译源文件“GamePage.cpp”)
  
C:\Users\Lenovo\Desktop\MazeGame\MazeGame\Maze.h(1,1): warning C4828: 文件包含在偏移 0x62c 处开始的字符，该字符在当前源字符集中无效(代码页 65001)。
  (编译源文件“GamePage.cpp”)
  
C:\Users\Lenovo\Desktop\MazeGame\MazeGame\Maze.h(1,1): warning C4828: 文件包含在偏移 0x62f 处开始的字符，该字符在当前源字符集中无效(代码页 65001)。
  (编译源文件“GamePage.cpp”)
  
C:\Users\Lenovo\Desktop\MazeGame\MazeGame\Maze.h(1,1): warning C4828: 文件包含在偏移 0x630 处开始的字符，该字符在当前源字符集中无效(代码页 65001)。
  (编译源文件“GamePage.cpp”)
  
C:\Users\Lenovo\Desktop\MazeGame\MazeGame\Maze.h(1,1): warning C4828: 文件包含在偏移 0x663 处开始的字符，该字符在当前源字符集中无效(代码页 65001)。
  (编译源文件“GamePage.cpp”)
  
C:\Users\Lenovo\Desktop\MazeGame\MazeGame\Maze.h(1,1): warning C4828: 文件包含在偏移 0x664 处开始的字符，该字符在当前源字符集中无效(代码页 65001)。
  (编译源文件“GamePage.cpp”)
  
C:\Users\Lenovo\Desktop\MazeGame\MazeGame\Maze.h(1,1): warning C4828: 文件包含在偏移 0x666 处开始的字符，该字符在当前源字符集中无效(代码页 65001)。
  (编译源文件“GamePage.cpp”)
  
C:\Users\Lenovo\Desktop\MazeGame\MazeGame\Maze.h(1,1): warning C4828: 文件包含在偏移 0x667 处开始的字符，该字符在当前源字符集中无效(代码页 65001)。
  (编译源文件“GamePage.cpp”)
  
C:\Users\Lenovo\Desktop\MazeGame\MazeGame\Maze.h(1,1): warning C4828: 文件包含在偏移 0x66c 处开始的字符，该字符在当前源字符集中无效(代码页 65001)。
  (编译源文件“GamePage.cpp”)
  
C:\Users\Lenovo\Desktop\MazeGame\MazeGame\Maze.h(1,1): warning C4828: 文件包含在偏移 0x66f 处开始的字符，该字符在当前源字符集中无效(代码页 65001)。
  (编译源文件“GamePage.cpp”)
  
C:\Users\Lenovo\Desktop\MazeGame\MazeGame\Maze.h(1,1): warning C4828: 文件包含在偏移 0x670 处开始的字符，该字符在当前源字符集中无效(代码页 65001)。
  (编译源文件“GamePage.cpp”)
  
C:\Users\Lenovo\Desktop\MazeGame\MazeGame\Maze.h(1,1): warning C4828: 文件包含在偏移 0x671 处开始的字符，该字符在当前源字符集中无效(代码页 65001)。
  (编译源文件“GamePage.cpp”)
  
C:\Users\Lenovo\Desktop\MazeGame\MazeGame\Maze.h(1,1): warning C4828: 文件包含在偏移 0x675 处开始的字符，该字符在当前源字符集中无效(代码页 65001)。
  (编译源文件“GamePage.cpp”)
  
C:\Users\Lenovo\Desktop\MazeGame\MazeGame\Maze.h(1,1): warning C4828: 文件包含在偏移 0x676 处开始的字符，该字符在当前源字符集中无效(代码页 65001)。
  (编译源文件“GamePage.cpp”)
  
C:\Users\Lenovo\Desktop\MazeGame\MazeGame\Maze.h(1,1): warning C4828: 文件包含在偏移 0x67a 处开始的字符，该字符在当前源字符集中无效(代码页 65001)。
  (编译源文件“GamePage.cpp”)
  
C:\Users\Lenovo\Desktop\MazeGame\MazeGame\Maze.h(1,1): warning C4828: 文件包含在偏移 0x67d 处开始的字符，该字符在当前源字符集中无效(代码页 65001)。
  (编译源文件“GamePage.cpp”)
  
C:\Users\Lenovo\Desktop\MazeGame\MazeGame\Maze.h(1,1): warning C4828: 文件包含在偏移 0x67f 处开始的字符，该字符在当前源字符集中无效(代码页 65001)。
  (编译源文件“GamePage.cpp”)
  
C:\Users\Lenovo\Desktop\MazeGame\MazeGame\Maze.h(1,1): warning C4828: 文件包含在偏移 0x680 处开始的字符，该字符在当前源字符集中无效(代码页 65001)。
  (编译源文件“GamePage.cpp”)
  
C:\Users\Lenovo\Desktop\MazeGame\MazeGame\Maze.h(1,1): warning C4828: 文件包含在偏移 0x681 处开始的字符，该字符在当前源字符集中无效(代码页 65001)。
  (编译源文件“GamePage.cpp”)
  
C:\Users\Lenovo\Desktop\MazeGame\MazeGame\Maze.h(1,1): warning C4828: 文件包含在偏移 0x682 处开始的字符，该字符在当前源字符集中无效(代码页 65001)。
  (编译源文件“GamePage.cpp”)
  
C:\Users\Lenovo\Desktop\MazeGame\MazeGame\Maze.h(1,1): warning C4828: 文件包含在偏移 0x683 处开始的字符，该字符在当前源字符集中无效(代码页 65001)。
  (编译源文件“GamePage.cpp”)
  
C:\Users\Lenovo\Desktop\MazeGame\MazeGame\Maze.h(1,1): warning C4828: 文件包含在偏移 0x690 处开始的字符，该字符在当前源字符集中无效(代码页 65001)。
  (编译源文件“GamePage.cpp”)
  
C:\Users\Lenovo\Desktop\MazeGame\MazeGame\Maze.h(1,1): warning C4828: 文件包含在偏移 0x691 处开始的字符，该字符在当前源字符集中无效(代码页 65001)。
  (编译源文件“GamePage.cpp”)
  
C:\Users\Lenovo\Desktop\MazeGame\MazeGame\Maze.h(1,1): warning C4828: 文件包含在偏移 0x692 处开始的字符，该字符在当前源字符集中无效(代码页 65001)。
  (编译源文件“GamePage.cpp”)
  
C:\Users\Lenovo\Desktop\MazeGame\MazeGame\Maze.h(1,1): warning C4828: 文件包含在偏移 0x694 处开始的字符，该字符在当前源字符集中无效(代码页 65001)。
  (编译源文件“GamePage.cpp”)
  
C:\Users\Lenovo\Desktop\MazeGame\MazeGame\Maze.h(1,1): warning C4828: 文件包含在偏移 0x696 处开始的字符，该字符在当前源字符集中无效(代码页 65001)。
  (编译源文件“GamePage.cpp”)
  
C:\Users\Lenovo\Desktop\MazeGame\MazeGame\Maze.h(1,1): warning C4828: 文件包含在偏移 0x6d8 处开始的字符，该字符在当前源字符集中无效(代码页 65001)。
  (编译源文件“GamePage.cpp”)
  
C:\Users\Lenovo\Desktop\MazeGame\MazeGame\Maze.h(1,1): warning C4828: 文件包含在偏移 0x6d9 处开始的字符，该字符在当前源字符集中无效(代码页 65001)。
  (编译源文件“GamePage.cpp”)
  
C:\Users\Lenovo\Desktop\MazeGame\MazeGame\Maze.h(1,1): warning C4828: 文件包含在偏移 0x6da 处开始的字符，该字符在当前源字符集中无效(代码页 65001)。
  (编译源文件“GamePage.cpp”)
  
C:\Users\Lenovo\Desktop\MazeGame\MazeGame\Maze.h(1,1): warning C4828: 文件包含在偏移 0x6dc 处开始的字符，该字符在当前源字符集中无效(代码页 65001)。
  (编译源文件“GamePage.cpp”)
  
C:\Users\Lenovo\Desktop\MazeGame\MazeGame\Maze.h(1,1): warning C4828: 文件包含在偏移 0x6de 处开始的字符，该字符在当前源字符集中无效(代码页 65001)。
  (编译源文件“GamePage.cpp”)
  
C:\Users\Lenovo\Desktop\MazeGame\MazeGame\Maze.h(1,1): warning C4828: 文件包含在偏移 0x6df 处开始的字符，该字符在当前源字符集中无效(代码页 65001)。
  (编译源文件“GamePage.cpp”)
  
C:\Users\Lenovo\Desktop\MazeGame\MazeGame\Maze.h(1,1): warning C4828: 文件包含在偏移 0x6e3 处开始的字符，该字符在当前源字符集中无效(代码页 65001)。
  (编译源文件“GamePage.cpp”)
  
C:\Users\Lenovo\Desktop\MazeGame\MazeGame\Maze.h(1,1): warning C4828: 文件包含在偏移 0x6e4 处开始的字符，该字符在当前源字符集中无效(代码页 65001)。
  (编译源文件“GamePage.cpp”)
  
C:\Users\Lenovo\Desktop\MazeGame\MazeGame\Maze.h(1,1): warning C4828: 文件包含在偏移 0x6e5 处开始的字符，该字符在当前源字符集中无效(代码页 65001)。
  (编译源文件“GamePage.cpp”)
  
C:\Users\Lenovo\Desktop\MazeGame\MazeGame\Maze.h(1,1): warning C4828: 文件包含在偏移 0x6e6 处开始的字符，该字符在当前源字符集中无效(代码页 65001)。
  (编译源文件“GamePage.cpp”)
  
C:\Users\Lenovo\Desktop\MazeGame\MazeGame\Maze.h(1,1): warning C4828: 文件包含在偏移 0x6e8 处开始的字符，该字符在当前源字符集中无效(代码页 65001)。
  (编译源文件“GamePage.cpp”)
  
C:\Users\Lenovo\Desktop\MazeGame\MazeGame\Maze.h(1,1): warning C4828: 文件包含在偏移 0x6e9 处开始的字符，该字符在当前源字符集中无效(代码页 65001)。
  (编译源文件“GamePage.cpp”)
  
C:\Users\Lenovo\Desktop\MazeGame\MazeGame\Maze.h(1,1): warning C4828: 文件包含在偏移 0x6ea 处开始的字符，该字符在当前源字符集中无效(代码页 65001)。
  (编译源文件“GamePage.cpp”)
  
C:\Users\Lenovo\Desktop\MazeGame\MazeGame\Maze.h(1,1): warning C4828: 文件包含在偏移 0x6ec 处开始的字符，该字符在当前源字符集中无效(代码页 65001)。
  (编译源文件“GamePage.cpp”)
  
C:\Users\Lenovo\Desktop\MazeGame\MazeGame\Maze.h(1,1): warning C4828: 文件包含在偏移 0x6ed 处开始的字符，该字符在当前源字符集中无效(代码页 65001)。
  (编译源文件“GamePage.cpp”)
  
C:\Users\Lenovo\Desktop\MazeGame\MazeGame\Maze.h(1,1): warning C4828: 文件包含在偏移 0x6ee 处开始的字符，该字符在当前源字符集中无效(代码页 65001)。
  (编译源文件“GamePage.cpp”)
  
C:\Users\Lenovo\Desktop\MazeGame\MazeGame\Maze.h(1,1): warning C4828: 文件包含在偏移 0x6f0 处开始的字符，该字符在当前源字符集中无效(代码页 65001)。
  (编译源文件“GamePage.cpp”)
  
C:\Users\Lenovo\Desktop\MazeGame\MazeGame\Maze.h(1,1): warning C4828: 文件包含在偏移 0x6f1 处开始的字符，该字符在当前源字符集中无效(代码页 65001)。
  (编译源文件“GamePage.cpp”)
  
C:\Users\Lenovo\Desktop\MazeGame\MazeGame\Maze.h(1,1): warning C4828: 文件包含在偏移 0x6f2 处开始的字符，该字符在当前源字符集中无效(代码页 65001)。
  (编译源文件“GamePage.cpp”)
  
C:\Users\Lenovo\Desktop\MazeGame\MazeGame\Maze.h(1,1): warning C4828: 文件包含在偏移 0x6f4 处开始的字符，该字符在当前源字符集中无效(代码页 65001)。
  (编译源文件“GamePage.cpp”)
  
C:\Users\Lenovo\Desktop\MazeGame\MazeGame\Maze.h(1,1): warning C4828: 文件包含在偏移 0x6f5 处开始的字符，该字符在当前源字符集中无效(代码页 65001)。
  (编译源文件“GamePage.cpp”)
  
C:\Users\Lenovo\Desktop\MazeGame\MazeGame\Maze.h(1,1): warning C4828: 文件包含在偏移 0x6f6 处开始的字符，该字符在当前源字符集中无效(代码页 65001)。
  (编译源文件“GamePage.cpp”)
  
C:\Users\Lenovo\Desktop\MazeGame\MazeGame\Maze.h(1,1): warning C4828: 文件包含在偏移 0x6f8 处开始的字符，该字符在当前源字符集中无效(代码页 65001)。
  (编译源文件“GamePage.cpp”)
  
C:\Users\Lenovo\Desktop\MazeGame\MazeGame\Maze.h(1,1): warning C4828: 文件包含在偏移 0x6f9 处开始的字符，该字符在当前源字符集中无效(代码页 65001)。
  (编译源文件“GamePage.cpp”)
  
C:\Users\Lenovo\Desktop\MazeGame\MazeGame\Maze.h(1,1): warning C4828: 文件包含在偏移 0x6fa 处开始的字符，该字符在当前源字符集中无效(代码页 65001)。
  (编译源文件“GamePage.cpp”)
  
C:\Users\Lenovo\Desktop\MazeGame\MazeGame\Maze.h(1,1): warning C4828: 文件包含在偏移 0x6fb 处开始的字符，该字符在当前源字符集中无效(代码页 65001)。
  (编译源文件“GamePage.cpp”)
  
C:\Users\Lenovo\Desktop\MazeGame\MazeGame\Maze.h(1,1): warning C4828: 文件包含在偏移 0x6fc 处开始的字符，该字符在当前源字符集中无效(代码页 65001)。
  (编译源文件“GamePage.cpp”)
  
C:\Users\Lenovo\Desktop\MazeGame\MazeGame\Maze.h(1,1): warning C4828: 文件包含在偏移 0x6fd 处开始的字符，该字符在当前源字符集中无效(代码页 65001)。
  (编译源文件“GamePage.cpp”)
  
C:\Users\Lenovo\Desktop\MazeGame\MazeGame\Maze.h(1,1): warning C4828: 文件包含在偏移 0x6ff 处开始的字符，该字符在当前源字符集中无效(代码页 65001)。
  (编译源文件“GamePage.cpp”)
  
C:\Users\Lenovo\Desktop\MazeGame\MazeGame\Maze.h(1,1): warning C4828: 文件包含在偏移 0x700 处开始的字符，该字符在当前源字符集中无效(代码页 65001)。
  (编译源文件“GamePage.cpp”)
  
C:\Users\Lenovo\Desktop\MazeGame\MazeGame\Maze.h(1,1): warning C4828: 文件包含在偏移 0x701 处开始的字符，该字符在当前源字符集中无效(代码页 65001)。
  (编译源文件“GamePage.cpp”)
  
C:\Users\Lenovo\Desktop\MazeGame\MazeGame\Maze.h(1,1): warning C4828: 文件包含在偏移 0x702 处开始的字符，该字符在当前源字符集中无效(代码页 65001)。
  (编译源文件“GamePage.cpp”)
  
C:\Users\Lenovo\Desktop\MazeGame\MazeGame\Maze.h(1,1): warning C4828: 文件包含在偏移 0x715 处开始的字符，该字符在当前源字符集中无效(代码页 65001)。
  (编译源文件“GamePage.cpp”)
  
C:\Users\Lenovo\Desktop\MazeGame\MazeGame\Maze.h(1,1): warning C4828: 文件包含在偏移 0x71b 处开始的字符，该字符在当前源字符集中无效(代码页 65001)。
  (编译源文件“GamePage.cpp”)
  
C:\Users\Lenovo\Desktop\MazeGame\MazeGame\Maze.h(1,1): warning C4828: 文件包含在偏移 0x71d 处开始的字符，该字符在当前源字符集中无效(代码页 65001)。
  (编译源文件“GamePage.cpp”)
  
C:\Users\Lenovo\Desktop\MazeGame\MazeGame\Maze.h(1,1): warning C4828: 文件包含在偏移 0x71e 处开始的字符，该字符在当前源字符集中无效(代码页 65001)。
  (编译源文件“GamePage.cpp”)
  
C:\Users\Lenovo\Desktop\MazeGame\MazeGame\Maze.h(1,1): warning C4828: 文件包含在偏移 0x71f 处开始的字符，该字符在当前源字符集中无效(代码页 65001)。
  (编译源文件“GamePage.cpp”)
  
C:\Users\Lenovo\Desktop\MazeGame\MazeGame\LinkedStack.h(1,1): warning C4828: 文件包含在偏移 0x3b 处开始的字符，该字符在当前源字符集中无效(代码页 65001)。
  (编译源文件“GamePage.cpp”)
  
C:\Users\Lenovo\Desktop\MazeGame\MazeGame\LinkedStack.h(1,1): warning C4828: 文件包含在偏移 0x3c 处开始的字符，该字符在当前源字符集中无效(代码页 65001)。
  (编译源文件“GamePage.cpp”)
  
C:\Users\Lenovo\Desktop\MazeGame\MazeGame\LinkedStack.h(1,1): warning C4828: 文件包含在偏移 0x3f 处开始的字符，该字符在当前源字符集中无效(代码页 65001)。
  (编译源文件“GamePage.cpp”)
  
C:\Users\Lenovo\Desktop\MazeGame\MazeGame\LinkedStack.h(1,1): warning C4828: 文件包含在偏移 0x45 处开始的字符，该字符在当前源字符集中无效(代码页 65001)。
  (编译源文件“GamePage.cpp”)
  
C:\Users\Lenovo\Desktop\MazeGame\MazeGame\LinkedStack.h(1,1): warning C4828: 文件包含在偏移 0x78 处开始的字符，该字符在当前源字符集中无效(代码页 65001)。
  (编译源文件“GamePage.cpp”)
  
C:\Users\Lenovo\Desktop\MazeGame\MazeGame\LinkedStack.h(1,1): warning C4828: 文件包含在偏移 0x7a 处开始的字符，该字符在当前源字符集中无效(代码页 65001)。
  (编译源文件“GamePage.cpp”)
  
C:\Users\Lenovo\Desktop\MazeGame\MazeGame\LinkedStack.h(1,1): warning C4828: 文件包含在偏移 0x7b 处开始的字符，该字符在当前源字符集中无效(代码页 65001)。
  (编译源文件“GamePage.cpp”)
  
C:\Users\Lenovo\Desktop\MazeGame\MazeGame\LinkedStack.h(1,1): warning C4828: 文件包含在偏移 0x7c 处开始的字符，该字符在当前源字符集中无效(代码页 65001)。
  (编译源文件“GamePage.cpp”)
  
C:\Users\Lenovo\Desktop\MazeGame\MazeGame\LinkedStack.h(1,1): warning C4828: 文件包含在偏移 0x7f 处开始的字符，该字符在当前源字符集中无效(代码页 65001)。
  (编译源文件“GamePage.cpp”)
  
C:\Users\Lenovo\Desktop\MazeGame\MazeGame\LinkedStack.h(1,1): warning C4828: 文件包含在偏移 0x80 处开始的字符，该字符在当前源字符集中无效(代码页 65001)。
  (编译源文件“GamePage.cpp”)
  
C:\Users\Lenovo\Desktop\MazeGame\MazeGame\LinkedStack.h(1,1): warning C4828: 文件包含在偏移 0x81 处开始的字符，该字符在当前源字符集中无效(代码页 65001)。
  (编译源文件“GamePage.cpp”)
  
C:\Users\Lenovo\Desktop\MazeGame\MazeGame\LinkedStack.h(1,1): warning C4828: 文件包含在偏移 0x82 处开始的字符，该字符在当前源字符集中无效(代码页 65001)。
  (编译源文件“GamePage.cpp”)
  
C:\Users\Lenovo\Desktop\MazeGame\MazeGame\LinkedStack.h(1,1): warning C4828: 文件包含在偏移 0x84 处开始的字符，该字符在当前源字符集中无效(代码页 65001)。
  (编译源文件“GamePage.cpp”)
  
C:\Users\Lenovo\Desktop\MazeGame\MazeGame\LinkedStack.h(1,1): warning C4828: 文件包含在偏移 0x85 处开始的字符，该字符在当前源字符集中无效(代码页 65001)。
  (编译源文件“GamePage.cpp”)
  
C:\Users\Lenovo\Desktop\MazeGame\MazeGame\LinkedStack.h(1,1): warning C4828: 文件包含在偏移 0x88 处开始的字符，该字符在当前源字符集中无效(代码页 65001)。
  (编译源文件“GamePage.cpp”)
  
C:\Users\Lenovo\Desktop\MazeGame\MazeGame\LinkedStack.h(1,1): warning C4828: 文件包含在偏移 0x8d 处开始的字符，该字符在当前源字符集中无效(代码页 65001)。
  (编译源文件“GamePage.cpp”)
  
C:\Users\Lenovo\Desktop\MazeGame\MazeGame\LinkedStack.h(1,1): warning C4828: 文件包含在偏移 0x92 处开始的字符，该字符在当前源字符集中无效(代码页 65001)。
  (编译源文件“GamePage.cpp”)
  
C:\Users\Lenovo\Desktop\MazeGame\MazeGame\LinkedStack.h(1,1): warning C4828: 文件包含在偏移 0x97 处开始的字符，该字符在当前源字符集中无效(代码页 65001)。
  (编译源文件“GamePage.cpp”)
  
C:\Users\Lenovo\Desktop\MazeGame\MazeGame\LinkedStack.h(1,1): warning C4828: 文件包含在偏移 0x99 处开始的字符，该字符在当前源字符集中无效(代码页 65001)。
  (编译源文件“GamePage.cpp”)
  
C:\Users\Lenovo\Desktop\MazeGame\MazeGame\LinkedStack.h(1,1): warning C4828: 文件包含在偏移 0x9a 处开始的字符，该字符在当前源字符集中无效(代码页 65001)。
  (编译源文件“GamePage.cpp”)
  
C:\Users\Lenovo\Desktop\MazeGame\MazeGame\LinkedStack.h(1,1): warning C4828: 文件包含在偏移 0x10b 处开始的字符，该字符在当前源字符集中无效(代码页 65001)。
  (编译源文件“GamePage.cpp”)
  
C:\Users\Lenovo\Desktop\MazeGame\MazeGame\LinkedStack.h(1,1): warning C4828: 文件包含在偏移 0x10c 处开始的字符，该字符在当前源字符集中无效(代码页 65001)。
  (编译源文件“GamePage.cpp”)
  
C:\Users\Lenovo\Desktop\MazeGame\MazeGame\LinkedStack.h(1,1): warning C4828: 文件包含在偏移 0x10f 处开始的字符，该字符在当前源字符集中无效(代码页 65001)。
  (编译源文件“GamePage.cpp”)
  
C:\Users\Lenovo\Desktop\MazeGame\MazeGame\LinkedStack.h(1,1): warning C4828: 文件包含在偏移 0x110 处开始的字符，该字符在当前源字符集中无效(代码页 65001)。
  (编译源文件“GamePage.cpp”)
  
C:\Users\Lenovo\Desktop\MazeGame\MazeGame\LinkedStack.h(1,1): warning C4828: 文件包含在偏移 0x198 处开始的字符，该字符在当前源字符集中无效(代码页 65001)。
  (编译源文件“GamePage.cpp”)
  
C:\Users\Lenovo\Desktop\MazeGame\MazeGame\LinkedStack.h(1,1): warning C4828: 文件包含在偏移 0x1cd 处开始的字符，该字符在当前源字符集中无效(代码页 65001)。
  (编译源文件“GamePage.cpp”)
  
C:\Users\Lenovo\Desktop\MazeGame\MazeGame\LinkedStack.h(1,1): warning C4828: 文件包含在偏移 0x1ce 处开始的字符，该字符在当前源字符集中无效(代码页 65001)。
  (编译源文件“GamePage.cpp”)
  
  MazeGame.vcxproj -> C:\Users\Lenovo\Desktop\MazeGame\x64\Debug\MazeGame.exe
