c:\users\lenovo\desktop\mazegame\mazegame\x64\debug\vc143.pdb
c:\users\lenovo\desktop\mazegame\mazegame\x64\debug\vc143.idb
c:\users\lenovo\desktop\mazegame\mazegame\x64\debug\qrc_mazegame.obj
c:\users\lenovo\desktop\mazegame\mazegame\x64\debug\main.obj
c:\users\lenovo\desktop\mazegame\mazegame\x64\debug\maze.obj
c:\users\lenovo\desktop\mazegame\mazegame\x64\debug\startpage.obj
c:\users\lenovo\desktop\mazegame\mazegame\x64\debug\mazegame.obj
c:\users\lenovo\desktop\mazegame\mazegame\x64\debug\linkedstack.obj
c:\users\lenovo\desktop\mazegame\mazegame\x64\debug\gamepage.obj
c:\users\lenovo\desktop\mazegame\mazegame\x64\debug\moc_gamepage.obj
c:\users\lenovo\desktop\mazegame\mazegame\x64\debug\moc_startpage.obj
c:\users\lenovo\desktop\mazegame\mazegame\x64\debug\moc_mazegame.obj
c:\users\lenovo\desktop\mazegame\x64\debug\mazegame.exe
c:\users\lenovo\desktop\mazegame\x64\debug\mazegame.pdb
c:\users\lenovo\desktop\mazegame\mazegame\x64\debug\qt\uic\ui_gamepage.h
c:\users\lenovo\desktop\mazegame\mazegame\x64\debug\qt\uic\ui_mazegame.h
c:\users\lenovo\desktop\mazegame\mazegame\x64\debug\qt\uic\ui_startpage.h
c:\users\lenovo\desktop\mazegame\mazegame\x64\debug\qt\rcc\qrc_mazegame.cpp
c:\users\lenovo\desktop\mazegame\mazegame\x64\debug\qt\moc\moc_mazegame.cpp
c:\users\lenovo\desktop\mazegame\mazegame\x64\debug\qt\moc\moc_gamepage.cpp
c:\users\lenovo\desktop\mazegame\mazegame\x64\debug\qt\moc\moc_startpage.cpp
c:\users\lenovo\desktop\mazegame\mazegame\x64\debug\mazegame.ilk
c:\users\lenovo\desktop\mazegame\mazegame\x64\debug\mazegame.tlog\cl.command.1.tlog
c:\users\lenovo\desktop\mazegame\mazegame\x64\debug\mazegame.tlog\cl.items.tlog
c:\users\lenovo\desktop\mazegame\mazegame\x64\debug\mazegame.tlog\cl.read.1.tlog
c:\users\lenovo\desktop\mazegame\mazegame\x64\debug\mazegame.tlog\cl.write.1.tlog
c:\users\lenovo\desktop\mazegame\mazegame\x64\debug\mazegame.tlog\link.command.1.tlog
c:\users\lenovo\desktop\mazegame\mazegame\x64\debug\mazegame.tlog\link.read.1.tlog
c:\users\lenovo\desktop\mazegame\mazegame\x64\debug\mazegame.tlog\link.secondary.1.tlog
c:\users\lenovo\desktop\mazegame\mazegame\x64\debug\mazegame.tlog\link.write.1.tlog
c:\users\lenovo\desktop\mazegame\mazegame\x64\debug\mazegame.tlog\mazegame.write.1u.tlog
c:\users\lenovo\desktop\mazegame\mazegame\x64\debug\mazegame.tlog\moc.read.1u.tlog
c:\users\lenovo\desktop\mazegame\mazegame\x64\debug\mazegame.tlog\moc.write.1u.tlog
c:\users\lenovo\desktop\mazegame\mazegame\x64\debug\mazegame.tlog\rcc.read.1u.tlog
c:\users\lenovo\desktop\mazegame\mazegame\x64\debug\mazegame.tlog\rcc.write.1u.tlog
c:\users\lenovo\desktop\mazegame\mazegame\x64\debug\mazegame.tlog\uic.read.1u.tlog
c:\users\lenovo\desktop\mazegame\mazegame\x64\debug\mazegame.tlog\uic.write.1u.tlog
